# JRE version: Java(TM) SE Runtime Environment (22.0.2+9) (build 22.0.2+9-70)
# Java VM: Java HotSpot(TM) 64-Bit Server VM (22.0.2+9-70, mixed mode, sharing, tiered, compressed oops, compressed class ptrs, g1 gc, windows-amd64)
GC Precious Log:
 CardTable entry size: 512
 Card Set container configuration: InlinePtr #cards 5 size 8 Array Of Cards #cards 12 size 40 Howl #buckets 4 coarsen threshold 1843 Howl Bitmap #cards 512 size 80 coarsen threshold 460 Card regions per heap region 1 cards per card region 2048
 CPUs: 12 total, 12 available
 Memory: 7914M
 Large Page Support: Disabled
 NUMA Support: Disabled
 Compressed Oops: Enabled (32-bit)
 Heap Region Size: 1M
 Heap Min Capacity: 8M
 Heap Initial Capacity: 124M
 Heap Max Capacity: 1980M
 Pre-touch: Disabled
 Parallel Workers: 10
 Concurrent Workers: 3
 Concurrent Refinement Workers: 10
 Periodic GC: Disabled
Heap:
 garbage-first heap   total reserved 2027520K, committed 86016K, used 59934K [0x0000000084400000, 0x0000000100000000)
  region size 1024K, 39 young (39936K), 2 survivors (2048K)
 Metaspace       used 54113K, committed 55040K, reserved 1114112K
  class space    used 6900K, committed 7360K, reserved 1048576K
GC Heap History (20 events):
Event: 2992.217 GC heap before
{Heap before GC invocations=99 (full 0):
 garbage-first heap   total reserved 2027520K, committed 86016K, used 72217K [0x0000000084400000, 0x0000000100000000)
  region size 1024K, 50 young (51200K), 2 survivors (2048K)
 Metaspace       used 54111K, committed 54976K, reserved 1114112K
  class space    used 6899K, committed 7360K, reserved 1048576K
}
Event: 2992.218 GC heap after
{Heap after GC invocations=100 (full 0):
 garbage-first heap   total reserved 2027520K, committed 86016K, used 24074K [0x0000000084400000, 0x0000000100000000)
  region size 1024K, 2 young (2048K), 2 survivors (2048K)
 Metaspace       used 54111K, committed 54976K, reserved 1114112K
  class space    used 6899K, committed 7360K, reserved 1048576K
}
Event: 2992.401 GC heap before
{Heap before GC invocations=100 (full 0):
 garbage-first heap   total reserved 2027520K, committed 86016K, used 72202K [0x0000000084400000, 0x0000000100000000)
  region size 1024K, 50 young (51200K), 2 survivors (2048K)
 Metaspace       used 54111K, committed 54976K, reserved 1114112K
  class space    used 6899K, committed 7360K, reserved 1048576K
}
Event: 2992.403 GC heap after
{Heap after GC invocations=101 (full 0):
 garbage-first heap   total reserved 2027520K, committed 86016K, used 23862K [0x0000000084400000, 0x0000000100000000)
  region size 1024K, 1 young (1024K), 1 survivors (1024K)
 Metaspace       used 54111K, committed 54976K, reserved 1114112K
  class space    used 6899K, committed 7360K, reserved 1048576K
}
Event: 2992.590 GC heap before
{Heap before GC invocations=101 (full 0):
 garbage-first heap   total reserved 2027520K, committed 86016K, used 73014K [0x0000000084400000, 0x0000000100000000)
  region size 1024K, 50 young (51200K), 1 survivors (1024K)
 Metaspace       used 54111K, committed 54976K, reserved 1114112K
  class space    used 6899K, committed 7360K, reserved 1048576K
}
Event: 2992.591 GC heap after
{Heap after GC invocations=102 (full 0):
 garbage-first heap   total reserved 2027520K, committed 86016K, used 24083K [0x0000000084400000, 0x0000000100000000)
  region size 1024K, 2 young (2048K), 2 survivors (2048K)
 Metaspace       used 54111K, committed 54976K, reserved 1114112K
  class space    used 6899K, committed 7360K, reserved 1048576K
}
Event: 2992.805 GC heap before
{Heap before GC invocations=103 (full 0):
 garbage-first heap   total reserved 2027520K, committed 86016K, used 72211K [0x0000000084400000, 0x0000000100000000)
  region size 1024K, 50 young (51200K), 2 survivors (2048K)
 Metaspace       used 54111K, committed 54976K, reserved 1114112K
  class space    used 6899K, committed 7360K, reserved 1048576K
}
Event: 2992.806 GC heap after
{Heap after GC invocations=104 (full 0):
 garbage-first heap   total reserved 2027520K, committed 86016K, used 24453K [0x0000000084400000, 0x0000000100000000)
  region size 1024K, 2 young (2048K), 2 survivors (2048K)
 Metaspace       used 54111K, committed 54976K, reserved 1114112K
  class space    used 6899K, committed 7360K, reserved 1048576K
}
Event: 2992.989 GC heap before
{Heap before GC invocations=104 (full 0):
 garbage-first heap   total reserved 2027520K, committed 86016K, used 72581K [0x0000000084400000, 0x0000000100000000)
  region size 1024K, 50 young (51200K), 2 survivors (2048K)
 Metaspace       used 54111K, committed 54976K, reserved 1114112K
  class space    used 6899K, committed 7360K, reserved 1048576K
}
Event: 2992.991 GC heap after
{Heap after GC invocations=105 (full 0):
 garbage-first heap   total reserved 2027520K, committed 86016K, used 23842K [0x0000000084400000, 0x0000000100000000)
  region size 1024K, 1 young (1024K), 1 survivors (1024K)
 Metaspace       used 54111K, committed 54976K, reserved 1114112K
  class space    used 6899K, committed 7360K, reserved 1048576K
}
Event: 2993.176 GC heap before
{Heap before GC invocations=105 (full 0):
 garbage-first heap   total reserved 2027520K, committed 86016K, used 72994K [0x0000000084400000, 0x0000000100000000)
  region size 1024K, 50 young (51200K), 1 survivors (1024K)
 Metaspace       used 54111K, committed 54976K, reserved 1114112K
  class space    used 6899K, committed 7360K, reserved 1048576K
}
Event: 2993.178 GC heap after
{Heap after GC invocations=106 (full 0):
 garbage-first heap   total reserved 2027520K, committed 86016K, used 24173K [0x0000000084400000, 0x0000000100000000)
  region size 1024K, 2 young (2048K), 2 survivors (2048K)
 Metaspace       used 54111K, committed 54976K, reserved 1114112K
  class space    used 6899K, committed 7360K, reserved 1048576K
}
Event: 2993.383 GC heap before
{Heap before GC invocations=107 (full 0):
 garbage-first heap   total reserved 2027520K, committed 86016K, used 72301K [0x0000000084400000, 0x0000000100000000)
  region size 1024K, 50 young (51200K), 2 survivors (2048K)
 Metaspace       used 54111K, committed 54976K, reserved 1114112K
  class space    used 6899K, committed 7360K, reserved 1048576K
}
Event: 2993.384 GC heap after
{Heap after GC invocations=108 (full 0):
 garbage-first heap   total reserved 2027520K, committed 103424K, used 24082K [0x0000000084400000, 0x0000000100000000)
  region size 1024K, 2 young (2048K), 2 survivors (2048K)
 Metaspace       used 54111K, committed 54976K, reserved 1114112K
  class space    used 6899K, committed 7360K, reserved 1048576K
}
Event: 3002.026 GC heap before
{Heap before GC invocations=108 (full 0):
 garbage-first heap   total reserved 2027520K, committed 103424K, used 82450K [0x0000000084400000, 0x0000000100000000)
  region size 1024K, 60 young (61440K), 2 survivors (2048K)
 Metaspace       used 54111K, committed 54976K, reserved 1114112K
  class space    used 6900K, committed 7360K, reserved 1048576K
}
Event: 3002.028 GC heap after
{Heap after GC invocations=109 (full 0):
 garbage-first heap   total reserved 2027520K, committed 103424K, used 24019K [0x0000000084400000, 0x0000000100000000)
  region size 1024K, 2 young (2048K), 2 survivors (2048K)
 Metaspace       used 54111K, committed 54976K, reserved 1114112K
  class space    used 6900K, committed 7360K, reserved 1048576K
}
Event: 3002.206 GC heap before
{Heap before GC invocations=109 (full 0):
 garbage-first heap   total reserved 2027520K, committed 103424K, used 82387K [0x0000000084400000, 0x0000000100000000)
  region size 1024K, 60 young (61440K), 2 survivors (2048K)
 Metaspace       used 54111K, committed 54976K, reserved 1114112K
  class space    used 6900K, committed 7360K, reserved 1048576K
}
Event: 3002.207 GC heap after
{Heap after GC invocations=110 (full 0):
 garbage-first heap   total reserved 2027520K, committed 103424K, used 24085K [0x0000000084400000, 0x0000000100000000)
  region size 1024K, 2 young (2048K), 2 survivors (2048K)
 Metaspace       used 54111K, committed 54976K, reserved 1114112K
  class space    used 6900K, committed 7360K, reserved 1048576K
}
Event: 3002.339 GC heap before
{Heap before GC invocations=111 (full 0):
 garbage-first heap   total reserved 2027520K, committed 86016K, used 72213K [0x0000000084400000, 0x0000000100000000)
  region size 1024K, 50 young (51200K), 2 survivors (2048K)
 Metaspace       used 54111K, committed 54976K, reserved 1114112K
  class space    used 6900K, committed 7360K, reserved 1048576K
}
Event: 3002.340 GC heap after
{Heap after GC invocations=112 (full 0):
 garbage-first heap   total reserved 2027520K, committed 86016K, used 24094K [0x0000000084400000, 0x0000000100000000)
  region size 1024K, 2 young (2048K), 2 survivors (2048K)
 Metaspace       used 54111K, committed 54976K, reserved 1114112K
  class space    used 6900K, committed 7360K, reserved 1048576K
}

